      Distance_Restrain( Si1 0      O2 1       0   0   1    , 1.61, 0.0, 0.0, 10000.0 )
      Distance_Restrain( Si1 0      O1 0       0   0   0    , 1.61, 0.0, 0.0, 10000.0 )
      Distance_Restrain( Si1 0      O3 0       0   0   0    , 1.61, 0.0, 0.0, 10000.0 )
      Distance_Restrain( Si1 0      O4 0       0   0   0    , 1.61, 0.0, 0.0, 10000.0 )
      Angle_Restrain( O2 1       0   0   1    Si1 0      O1 0       0   0   0    , 109.5, 0.0, 0.0, 1.5625 )
      Angle_Restrain( O2 1       0   0   1    Si1 0      O3 0       0   0   0    , 109.5, 0.0, 0.0, 1.5625 )
      Angle_Restrain( O2 1       0   0   1    Si1 0      O4 0       0   0   0    , 109.5, 0.0, 0.0, 1.5625 )
      Angle_Restrain( O1 0       0   0   0    Si1 0      O3 0       0   0   0    , 109.5, 0.0, 0.0, 1.5625 )
      Angle_Restrain( O1 0       0   0   0    Si1 0      O4 0       0   0   0    , 109.5, 0.0, 0.0, 1.5625 )
      Angle_Restrain( O3 0       0   0   0    Si1 0      O4 0       0   0   0    , 109.5, 0.0, 0.0, 1.5625 )
      Distance_Restrain( Si2 0      O6 2       0   1  -1    , 1.61, 0.0, 0.0, 10000.0 )
      Distance_Restrain( Si2 0      O7 0       0   0   0    , 1.61, 0.0, 0.0, 10000.0 )
      Distance_Restrain( Si2 0      O5 0       0   0   0    , 1.61, 0.0, 0.0, 10000.0 )
      Distance_Restrain( Si2 0      O4 0       0   0   0    , 1.61, 0.0, 0.0, 10000.0 )
      Angle_Restrain( O6 2       0   1  -1    Si2 0      O7 0       0   0   0    , 109.5, 0.0, 0.0, 1.5625 )
      Angle_Restrain( O6 2       0   1  -1    Si2 0      O5 0       0   0   0    , 109.5, 0.0, 0.0, 1.5625 )
      Angle_Restrain( O6 2       0   1  -1    Si2 0      O4 0       0   0   0    , 109.5, 0.0, 0.0, 1.5625 )
      Angle_Restrain( O7 0       0   0   0    Si2 0      O5 0       0   0   0    , 109.5, 0.0, 0.0, 1.5625 )
      Angle_Restrain( O7 0       0   0   0    Si2 0      O4 0       0   0   0    , 109.5, 0.0, 0.0, 1.5625 )
      Angle_Restrain( O5 0       0   0   0    Si2 0      O4 0       0   0   0    , 109.5, 0.0, 0.0, 1.5625 )
      Distance_Restrain( Si3 0      O9 2       0   1  -1    , 1.61, 0.0, 0.0, 10000.0 )
      Distance_Restrain( Si3 0      O7 0       0   0   0    , 1.61, 0.0, 0.0, 10000.0 )
      Distance_Restrain( Si3 0      O8 0       0   0   0    , 1.61, 0.0, 0.0, 10000.0 )
      Distance_Restrain( Si3 0      O35 0      0   0   0    , 1.61, 0.0, 0.0, 10000.0 )
      Angle_Restrain( O9 2       0   1  -1    Si3 0      O7 0       0   0   0    , 109.5, 0.0, 0.0, 1.5625 )
      Angle_Restrain( O9 2       0   1  -1    Si3 0      O8 0       0   0   0    , 109.5, 0.0, 0.0, 1.5625 )
      Angle_Restrain( O9 2       0   1  -1    Si3 0      O35 0      0   0   0    , 109.5, 0.0, 0.0, 1.5625 )
      Angle_Restrain( O7 0       0   0   0    Si3 0      O8 0       0   0   0    , 109.5, 0.0, 0.0, 1.5625 )
      Angle_Restrain( O7 0       0   0   0    Si3 0      O35 0      0   0   0    , 109.5, 0.0, 0.0, 1.5625 )
      Angle_Restrain( O8 0       0   0   0    Si3 0      O35 0      0   0   0    , 109.5, 0.0, 0.0, 1.5625 )
      Distance_Restrain( Si4 0      O29 1      1   0   1    , 1.61, 0.0, 0.0, 10000.0 )
      Distance_Restrain( Si4 0      O10 1      0   0   1    , 1.61, 0.0, 0.0, 10000.0 )
      Distance_Restrain( Si4 0      O3 0       0   0   0    , 1.61, 0.0, 0.0, 10000.0 )
      Distance_Restrain( Si4 0      O11 0      0  -1   0    , 1.61, 0.0, 0.0, 10000.0 )
      Angle_Restrain( O29 1      1   0   1    Si4 0      O10 1      0   0   1    , 109.5, 0.0, 0.0, 1.5625 )
      Angle_Restrain( O29 1      1   0   1    Si4 0      O3 0       0   0   0    , 109.5, 0.0, 0.0, 1.5625 )
      Angle_Restrain( O29 1      1   0   1    Si4 0      O11 0      0  -1   0    , 109.5, 0.0, 0.0, 1.5625 )
      Angle_Restrain( O10 1      0   0   1    Si4 0      O3 0       0   0   0    , 109.5, 0.0, 0.0, 1.5625 )
      Angle_Restrain( O10 1      0   0   1    Si4 0      O11 0      0  -1   0    , 109.5, 0.0, 0.0, 1.5625 )
      Angle_Restrain( O3 0       0   0   0    Si4 0      O11 0      0  -1   0    , 109.5, 0.0, 0.0, 1.5625 )
      Distance_Restrain( Si5 0      O14 1      0   0   1    , 1.61, 0.0, 0.0, 10000.0 )
      Distance_Restrain( Si5 0      O13 0      0   0   0    , 1.61, 0.0, 0.0, 10000.0 )
      Distance_Restrain( Si5 0      O11 0      0   0   0    , 1.61, 0.0, 0.0, 10000.0 )
      Distance_Restrain( Si5 0      O12 0      0   0   0    , 1.61, 0.0, 0.0, 10000.0 )
      Angle_Restrain( O14 1      0   0   1    Si5 0      O13 0      0   0   0    , 109.5, 0.0, 0.0, 1.5625 )
      Angle_Restrain( O14 1      0   0   1    Si5 0      O11 0      0   0   0    , 109.5, 0.0, 0.0, 1.5625 )
      Angle_Restrain( O14 1      0   0   1    Si5 0      O12 0      0   0   0    , 109.5, 0.0, 0.0, 1.5625 )
      Angle_Restrain( O13 0      0   0   0    Si5 0      O11 0      0   0   0    , 109.5, 0.0, 0.0, 1.5625 )
      Angle_Restrain( O13 0      0   0   0    Si5 0      O12 0      0   0   0    , 109.5, 0.0, 0.0, 1.5625 )
      Angle_Restrain( O11 0      0   0   0    Si5 0      O12 0      0   0   0    , 109.5, 0.0, 0.0, 1.5625 )
      Distance_Restrain( Si6 0      O16 2      0   1  -1    , 1.61, 0.0, 0.0, 10000.0 )
      Distance_Restrain( Si6 0      O15 0      0   1   0    , 1.61, 0.0, 0.0, 10000.0 )
      Distance_Restrain( Si6 0      O17 0      0   0   0    , 1.61, 0.0, 0.0, 10000.0 )
      Distance_Restrain( Si6 0      O12 0      0   0   0    , 1.61, 0.0, 0.0, 10000.0 )
      Angle_Restrain( O16 2      0   1  -1    Si6 0      O15 0      0   1   0    , 109.5, 0.0, 0.0, 1.5625 )
      Angle_Restrain( O16 2      0   1  -1    Si6 0      O17 0      0   0   0    , 109.5, 0.0, 0.0, 1.5625 )
      Angle_Restrain( O16 2      0   1  -1    Si6 0      O12 0      0   0   0    , 109.5, 0.0, 0.0, 1.5625 )
      Angle_Restrain( O15 0      0   1   0    Si6 0      O17 0      0   0   0    , 109.5, 0.0, 0.0, 1.5625 )
      Angle_Restrain( O15 0      0   1   0    Si6 0      O12 0      0   0   0    , 109.5, 0.0, 0.0, 1.5625 )
      Angle_Restrain( O17 0      0   0   0    Si6 0      O12 0      0   0   0    , 109.5, 0.0, 0.0, 1.5625 )
      Distance_Restrain( Si7 0      O31 0      0   0   0    , 1.61, 0.0, 0.0, 10000.0 )
      Distance_Restrain( Si7 0      O18 2      0   1  -1    , 1.61, 0.0, 0.0, 10000.0 )
      Distance_Restrain( Si7 0      O19 0      0   0   0    , 1.61, 0.0, 0.0, 10000.0 )
      Distance_Restrain( Si7 0      O17 0      0   0   0    , 1.61, 0.0, 0.0, 10000.0 )
      Angle_Restrain( O31 0      0   0   0    Si7 0      O18 2      0   1  -1    , 109.5, 0.0, 0.0, 1.5625 )
      Angle_Restrain( O31 0      0   0   0    Si7 0      O19 0      0   0   0    , 109.5, 0.0, 0.0, 1.5625 )
      Angle_Restrain( O31 0      0   0   0    Si7 0      O17 0      0   0   0    , 109.5, 0.0, 0.0, 1.5625 )
      Angle_Restrain( O18 2      0   1  -1    Si7 0      O19 0      0   0   0    , 109.5, 0.0, 0.0, 1.5625 )
      Angle_Restrain( O18 2      0   1  -1    Si7 0      O17 0      0   0   0    , 109.5, 0.0, 0.0, 1.5625 )
      Angle_Restrain( O19 0      0   0   0    Si7 0      O17 0      0   0   0    , 109.5, 0.0, 0.0, 1.5625 )
      Distance_Restrain( Si8 0      O20 0      0   0   0    , 1.61, 0.0, 0.0, 10000.0 )
      Distance_Restrain( Si8 0      O30 0      0   0   0    , 1.61, 0.0, 0.0, 10000.0 )
      Distance_Restrain( Si8 0      O21 0      0   0   0    , 1.61, 0.0, 0.0, 10000.0 )
      Distance_Restrain( Si8 0      O22 0      0   0   0    , 1.61, 0.0, 0.0, 10000.0 )
      Angle_Restrain( O20 0      0   0   0    Si8 0      O30 0      0   0   0    , 109.5, 0.0, 0.0, 1.5625 )
      Angle_Restrain( O20 0      0   0   0    Si8 0      O21 0      0   0   0    , 109.5, 0.0, 0.0, 1.5625 )
      Angle_Restrain( O20 0      0   0   0    Si8 0      O22 0      0   0   0    , 109.5, 0.0, 0.0, 1.5625 )
      Angle_Restrain( O30 0      0   0   0    Si8 0      O21 0      0   0   0    , 109.5, 0.0, 0.0, 1.5625 )
      Angle_Restrain( O30 0      0   0   0    Si8 0      O22 0      0   0   0    , 109.5, 0.0, 0.0, 1.5625 )
      Angle_Restrain( O21 0      0   0   0    Si8 0      O22 0      0   0   0    , 109.5, 0.0, 0.0, 1.5625 )
      Distance_Restrain( Si9 0      O20 0      0   0   0    , 1.61, 0.0, 0.0, 10000.0 )
      Distance_Restrain( Si9 0      O24 0      0   1   0    , 1.61, 0.0, 0.0, 10000.0 )
      Distance_Restrain( Si9 0      O25 0      0   0   0    , 1.61, 0.0, 0.0, 10000.0 )
      Distance_Restrain( Si9 0      O23 0      0   0   0    , 1.61, 0.0, 0.0, 10000.0 )
      Angle_Restrain( O20 0      0   0   0    Si9 0      O24 0      0   1   0    , 109.5, 0.0, 0.0, 1.5625 )
      Angle_Restrain( O20 0      0   0   0    Si9 0      O25 0      0   0   0    , 109.5, 0.0, 0.0, 1.5625 )
      Angle_Restrain( O20 0      0   0   0    Si9 0      O23 0      0   0   0    , 109.5, 0.0, 0.0, 1.5625 )
      Angle_Restrain( O24 0      0   1   0    Si9 0      O25 0      0   0   0    , 109.5, 0.0, 0.0, 1.5625 )
      Angle_Restrain( O24 0      0   1   0    Si9 0      O23 0      0   0   0    , 109.5, 0.0, 0.0, 1.5625 )
      Angle_Restrain( O25 0      0   0   0    Si9 0      O23 0      0   0   0    , 109.5, 0.0, 0.0, 1.5625 )
      Distance_Restrain( Si10 0     O14 0      0   0   0    , 1.61, 0.0, 0.0, 10000.0 )
      Distance_Restrain( Si10 0     O15 2      0   1   0    , 1.61, 0.0, 0.0, 10000.0 )
      Distance_Restrain( Si10 0     O23 0      0   0   0    , 1.61, 0.0, 0.0, 10000.0 )
      Distance_Restrain( Si10 0     O6 0       0   0   0    , 1.61, 0.0, 0.0, 10000.0 )
      Angle_Restrain( O14 0      0   0   0    Si10 0     O15 2      0   1   0    , 109.5, 0.0, 0.0, 1.5625 )
      Angle_Restrain( O14 0      0   0   0    Si10 0     O23 0      0   0   0    , 109.5, 0.0, 0.0, 1.5625 )
      Angle_Restrain( O14 0      0   0   0    Si10 0     O6 0       0   0   0    , 109.5, 0.0, 0.0, 1.5625 )
      Angle_Restrain( O15 2      0   1   0    Si10 0     O23 0      0   0   0    , 109.5, 0.0, 0.0, 1.5625 )
      Angle_Restrain( O15 2      0   1   0    Si10 0     O6 0       0   0   0    , 109.5, 0.0, 0.0, 1.5625 )
      Angle_Restrain( O23 0      0   0   0    Si10 0     O6 0       0   0   0    , 109.5, 0.0, 0.0, 1.5625 )
      Distance_Restrain( Si11 0     O25 0      0   0   0    , 1.61, 0.0, 0.0, 10000.0 )
      Distance_Restrain( Si11 0     O8 2       0   1   0    , 1.61, 0.0, 0.0, 10000.0 )
      Distance_Restrain( Si11 0     O41 0      0   0   0    , 1.61, 0.0, 0.0, 10000.0 )
      Distance_Restrain( Si11 0     O18 0      0   1   0    , 1.61, 0.0, 0.0, 10000.0 )
      Angle_Restrain( O25 0      0   0   0    Si11 0     O8 2       0   1   0    , 109.5, 0.0, 0.0, 1.5625 )
      Angle_Restrain( O25 0      0   0   0    Si11 0     O41 0      0   0   0    , 109.5, 0.0, 0.0, 1.5625 )
      Angle_Restrain( O25 0      0   0   0    Si11 0     O18 0      0   1   0    , 109.5, 0.0, 0.0, 1.5625 )
      Angle_Restrain( O8 2       0   1   0    Si11 0     O41 0      0   0   0    , 109.5, 0.0, 0.0, 1.5625 )
      Angle_Restrain( O8 2       0   1   0    Si11 0     O18 0      0   1   0    , 109.5, 0.0, 0.0, 1.5625 )
      Angle_Restrain( O41 0      0   0   0    Si11 0     O18 0      0   1   0    , 109.5, 0.0, 0.0, 1.5625 )
      Distance_Restrain( Si12 0     O26 0      0   0   0    , 1.61, 0.0, 0.0, 10000.0 )
      Distance_Restrain( Si12 0     O27 0      0   0   0    , 1.61, 0.0, 0.0, 10000.0 )
      Distance_Restrain( Si12 0     O28 0      0   0   0    , 1.61, 0.0, 0.0, 10000.0 )
      Distance_Restrain( Si12 0     O21 0      0   0   0    , 1.61, 0.0, 0.0, 10000.0 )
      Angle_Restrain( O26 0      0   0   0    Si12 0     O27 0      0   0   0    , 109.5, 0.0, 0.0, 1.5625 )
      Angle_Restrain( O26 0      0   0   0    Si12 0     O28 0      0   0   0    , 109.5, 0.0, 0.0, 1.5625 )
      Angle_Restrain( O26 0      0   0   0    Si12 0     O21 0      0   0   0    , 109.5, 0.0, 0.0, 1.5625 )
      Angle_Restrain( O27 0      0   0   0    Si12 0     O28 0      0   0   0    , 109.5, 0.0, 0.0, 1.5625 )
      Angle_Restrain( O27 0      0   0   0    Si12 0     O21 0      0   0   0    , 109.5, 0.0, 0.0, 1.5625 )
      Angle_Restrain( O28 0      0   0   0    Si12 0     O21 0      0   0   0    , 109.5, 0.0, 0.0, 1.5625 )
      Distance_Restrain( Si13 0     O28 0      0   0   0    , 1.61, 0.0, 0.0, 10000.0 )
      Distance_Restrain( Si13 0     O16 0      0   0   0    , 1.61, 0.0, 0.0, 10000.0 )
      Distance_Restrain( Si13 0     O5 2       0   1   0    , 1.61, 0.0, 0.0, 10000.0 )
      Distance_Restrain( Si13 0     O2 0       0   0   0    , 1.61, 0.0, 0.0, 10000.0 )
      Angle_Restrain( O28 0      0   0   0    Si13 0     O16 0      0   0   0    , 109.5, 0.0, 0.0, 1.5625 )
      Angle_Restrain( O28 0      0   0   0    Si13 0     O5 2       0   1   0    , 109.5, 0.0, 0.0, 1.5625 )
      Angle_Restrain( O28 0      0   0   0    Si13 0     O2 0       0   0   0    , 109.5, 0.0, 0.0, 1.5625 )
      Angle_Restrain( O16 0      0   0   0    Si13 0     O5 2       0   1   0    , 109.5, 0.0, 0.0, 1.5625 )
      Angle_Restrain( O16 0      0   0   0    Si13 0     O2 0       0   0   0    , 109.5, 0.0, 0.0, 1.5625 )
      Angle_Restrain( O5 2       0   1   0    Si13 0     O2 0       0   0   0    , 109.5, 0.0, 0.0, 1.5625 )
      Distance_Restrain( Si14 0     O27 0      0   0   0    , 1.61, 0.0, 0.0, 10000.0 )
      Distance_Restrain( Si14 0     O9 0       0   0   0    , 1.61, 0.0, 0.0, 10000.0 )
      Distance_Restrain( Si14 0     O38 0      0   0   0    , 1.61, 0.0, 0.0, 10000.0 )
      Distance_Restrain( Si14 0     O19 2      0   1   0    , 1.61, 0.0, 0.0, 10000.0 )
      Angle_Restrain( O27 0      0   0   0    Si14 0     O9 0       0   0   0    , 109.5, 0.0, 0.0, 1.5625 )
      Angle_Restrain( O27 0      0   0   0    Si14 0     O38 0      0   0   0    , 109.5, 0.0, 0.0, 1.5625 )
      Angle_Restrain( O27 0      0   0   0    Si14 0     O19 2      0   1   0    , 109.5, 0.0, 0.0, 1.5625 )
      Angle_Restrain( O9 0       0   0   0    Si14 0     O38 0      0   0   0    , 109.5, 0.0, 0.0, 1.5625 )
      Angle_Restrain( O9 0       0   0   0    Si14 0     O19 2      0   1   0    , 109.5, 0.0, 0.0, 1.5625 )
      Angle_Restrain( O38 0      0   0   0    Si14 0     O19 2      0   1   0    , 109.5, 0.0, 0.0, 1.5625 )
      Distance_Restrain( Si15 0     O29 1      1   0   1    , 1.61, 0.0, 0.0, 10000.0 )
      Distance_Restrain( Si15 0     O26 0      0   0   0    , 1.61, 0.0, 0.0, 10000.0 )
      Distance_Restrain( Si15 0     O24 0      0   0   0    , 1.61, 0.0, 0.0, 10000.0 )
      Distance_Restrain( Si15 0     O10 0      0   0   0    , 1.61, 0.0, 0.0, 10000.0 )
      Angle_Restrain( O29 1      1   0   1    Si15 0     O26 0      0   0   0    , 109.5, 0.0, 0.0, 1.5625 )
      Angle_Restrain( O29 1      1   0   1    Si15 0     O24 0      0   0   0    , 109.5, 0.0, 0.0, 1.5625 )
      Angle_Restrain( O29 1      1   0   1    Si15 0     O10 0      0   0   0    , 109.5, 0.0, 0.0, 1.5625 )
      Angle_Restrain( O26 0      0   0   0    Si15 0     O24 0      0   0   0    , 109.5, 0.0, 0.0, 1.5625 )
      Angle_Restrain( O26 0      0   0   0    Si15 0     O10 0      0   0   0    , 109.5, 0.0, 0.0, 1.5625 )
      Angle_Restrain( O24 0      0   0   0    Si15 0     O10 0      0   0   0    , 109.5, 0.0, 0.0, 1.5625 )
      Distance_Restrain( Si16 0     O30 0      0   0   0    , 1.61, 0.0, 0.0, 10000.0 )
      Distance_Restrain( Si16 0     O22 1      0   0   1    , 1.61, 0.0, 0.0, 10000.0 )
      Distance_Restrain( Si16 0     O1 0       0   0   0    , 1.61, 0.0, 0.0, 10000.0 )
      Distance_Restrain( Si16 0     O13 0      0   0   0    , 1.61, 0.0, 0.0, 10000.0 )
      Angle_Restrain( O30 0      0   0   0    Si16 0     O22 1      0   0   1    , 109.5, 0.0, 0.0, 1.5625 )
      Angle_Restrain( O30 0      0   0   0    Si16 0     O1 0       0   0   0    , 109.5, 0.0, 0.0, 1.5625 )
      Angle_Restrain( O30 0      0   0   0    Si16 0     O13 0      0   0   0    , 109.5, 0.0, 0.0, 1.5625 )
      Angle_Restrain( O22 1      0   0   1    Si16 0     O1 0       0   0   0    , 109.5, 0.0, 0.0, 1.5625 )
      Angle_Restrain( O22 1      0   0   1    Si16 0     O13 0      0   0   0    , 109.5, 0.0, 0.0, 1.5625 )
      Angle_Restrain( O1 0       0   0   0    Si16 0     O13 0      0   0   0    , 109.5, 0.0, 0.0, 1.5625 )
      Distance_Restrain( Si17 0     O31 0      0   0   0    , 1.61, 0.0, 0.0, 10000.0 )
      Distance_Restrain( Si17 0     O34 0      0   1   0    , 1.61, 0.0, 0.0, 10000.0 )
      Distance_Restrain( Si17 0     O33 1      1   0   1    , 1.61, 0.0, 0.0, 10000.0 )
      Distance_Restrain( Si17 0     O32 0      0   0   0    , 1.61, 0.0, 0.0, 10000.0 )
      Angle_Restrain( O31 0      0   0   0    Si17 0     O34 0      0   1   0    , 109.5, 0.0, 0.0, 1.5625 )
      Angle_Restrain( O31 0      0   0   0    Si17 0     O33 1      1   0   1    , 109.5, 0.0, 0.0, 1.5625 )
      Angle_Restrain( O31 0      0   0   0    Si17 0     O32 0      0   0   0    , 109.5, 0.0, 0.0, 1.5625 )
      Angle_Restrain( O34 0      0   1   0    Si17 0     O33 1      1   0   1    , 109.5, 0.0, 0.0, 1.5625 )
      Angle_Restrain( O34 0      0   1   0    Si17 0     O32 0      0   0   0    , 109.5, 0.0, 0.0, 1.5625 )
      Angle_Restrain( O33 1      1   0   1    Si17 0     O32 0      0   0   0    , 109.5, 0.0, 0.0, 1.5625 )
      Distance_Restrain( Si18 0     O35 0      0   0   0    , 1.61, 0.0, 0.0, 10000.0 )
      Distance_Restrain( Si18 0     O36 0      0   0   0    , 1.61, 0.0, 0.0, 10000.0 )
      Distance_Restrain( Si18 0     O34 0      0   0   0    , 1.61, 0.0, 0.0, 10000.0 )
      Distance_Restrain( Si18 0     O37 0      0   0   0    , 1.61, 0.0, 0.0, 10000.0 )
      Angle_Restrain( O35 0      0   0   0    Si18 0     O36 0      0   0   0    , 109.5, 0.0, 0.0, 1.5625 )
      Angle_Restrain( O35 0      0   0   0    Si18 0     O34 0      0   0   0    , 109.5, 0.0, 0.0, 1.5625 )
      Angle_Restrain( O35 0      0   0   0    Si18 0     O37 0      0   0   0    , 109.5, 0.0, 0.0, 1.5625 )
      Angle_Restrain( O36 0      0   0   0    Si18 0     O34 0      0   0   0    , 109.5, 0.0, 0.0, 1.5625 )
      Angle_Restrain( O36 0      0   0   0    Si18 0     O37 0      0   0   0    , 109.5, 0.0, 0.0, 1.5625 )
      Angle_Restrain( O34 0      0   0   0    Si18 0     O37 0      0   0   0    , 109.5, 0.0, 0.0, 1.5625 )
      Distance_Restrain( Si19 0     O38 0      0   0   0    , 1.61, 0.0, 0.0, 10000.0 )
      Distance_Restrain( Si19 0     O39 0      0   0   1    , 1.61, 0.0, 0.0, 10000.0 )
      Distance_Restrain( Si19 0     O40 2      0   1   0    , 1.61, 0.0, 0.0, 10000.0 )
      Distance_Restrain( Si19 0     O36 1      1   0   1    , 1.61, 0.0, 0.0, 10000.0 )
      Angle_Restrain( O38 0      0   0   0    Si19 0     O39 0      0   0   1    , 109.5, 0.0, 0.0, 1.5625 )
      Angle_Restrain( O38 0      0   0   0    Si19 0     O40 2      0   1   0    , 109.5, 0.0, 0.0, 1.5625 )
      Angle_Restrain( O38 0      0   0   0    Si19 0     O36 1      1   0   1    , 109.5, 0.0, 0.0, 1.5625 )
      Angle_Restrain( O39 0      0   0   1    Si19 0     O40 2      0   1   0    , 109.5, 0.0, 0.0, 1.5625 )
      Angle_Restrain( O39 0      0   0   1    Si19 0     O36 1      1   0   1    , 109.5, 0.0, 0.0, 1.5625 )
      Angle_Restrain( O40 2      0   1   0    Si19 0     O36 1      1   0   1    , 109.5, 0.0, 0.0, 1.5625 )
      Distance_Restrain( Si20 0     O41 0      0   0   0    , 1.61, 0.0, 0.0, 10000.0 )
      Distance_Restrain( Si20 0     O42 0      0   1   1    , 1.61, 0.0, 0.0, 10000.0 )
      Distance_Restrain( Si20 0     O40 1      1   0   1    , 1.61, 0.0, 0.0, 10000.0 )
      Distance_Restrain( Si20 0     O33 0      0   0   0    , 1.61, 0.0, 0.0, 10000.0 )
      Angle_Restrain( O41 0      0   0   0    Si20 0     O42 0      0   1   1    , 109.5, 0.0, 0.0, 1.5625 )
      Angle_Restrain( O41 0      0   0   0    Si20 0     O40 1      1   0   1    , 109.5, 0.0, 0.0, 1.5625 )
      Angle_Restrain( O41 0      0   0   0    Si20 0     O33 0      0   0   0    , 109.5, 0.0, 0.0, 1.5625 )
      Angle_Restrain( O42 0      0   1   1    Si20 0     O40 1      1   0   1    , 109.5, 0.0, 0.0, 1.5625 )
      Angle_Restrain( O42 0      0   1   1    Si20 0     O33 0      0   0   0    , 109.5, 0.0, 0.0, 1.5625 )
      Angle_Restrain( O40 1      1   0   1    Si20 0     O33 0      0   0   0    , 109.5, 0.0, 0.0, 1.5625 )
      Angle_Restrain( Si1 0      0   0   0    O1 0       Si16 0     0   0   0    , 145.0, 0.0, 0.0, 0.01 )
      Angle_Restrain( Si1 1      0   0   1    O2 0       Si13 0     0   0   0    , 145.0, 0.0, 0.0, 0.01 )
      Angle_Restrain( Si1 0      0   0   0    O3 0       Si4 0      0   0   0    , 145.0, 0.0, 0.0, 0.01 )
      Angle_Restrain( Si2 0      0   0   0    O4 0       Si1 0      0   0   0    , 145.0, 0.0, 0.0, 0.01 )
      Angle_Restrain( Si13 2     0   1  -1    O5 0       Si2 0      0   0   0    , 145.0, 0.0, 0.0, 0.01 )
      Angle_Restrain( Si2 2      0   1   0    O6 0       Si10 0     0   0   0    , 145.0, 0.0, 0.0, 0.01 )
      Angle_Restrain( Si3 0      0   0   0    O7 0       Si2 0      0   0   0    , 145.0, 0.0, 0.0, 0.01 )
      Angle_Restrain( Si11 2     0   1  -1    O8 0       Si3 0      0   0   0    , 145.0, 0.0, 0.0, 0.01 )
      Angle_Restrain( Si3 2      0   1   0    O9 0       Si14 0     0   0   0    , 145.0, 0.0, 0.0, 0.01 )
      Angle_Restrain( Si4 1      0   0   1    O10 0      Si15 0     0   0   0    , 145.0, 0.0, 0.0, 0.01 )
      Angle_Restrain( Si5 0      0   0   0    O11 0      Si4 0      0   1   0    , 145.0, 0.0, 0.0, 0.01 )
      Angle_Restrain( Si6 0      0   0   0    O12 0      Si5 0      0   0   0    , 145.0, 0.0, 0.0, 0.01 )
      Angle_Restrain( Si5 0      0   0   0    O13 0      Si16 0     0   0   0    , 145.0, 0.0, 0.0, 0.01 )
      Angle_Restrain( Si10 0     0   0   0    O14 0      Si5 1      0   0   1    , 145.0, 0.0, 0.0, 0.01 )
      Angle_Restrain( Si10 2     0   1  -1    O15 0      Si6 0      0  -1   0    , 145.0, 0.0, 0.0, 0.01 )
      Angle_Restrain( Si6 2      0   1   0    O16 0      Si13 0     0   0   0    , 145.0, 0.0, 0.0, 0.01 )
      Angle_Restrain( Si7 0      0   0   0    O17 0      Si6 0      0   0   0    , 145.0, 0.0, 0.0, 0.01 )
      Angle_Restrain( Si7 2      0   1   0    O18 0      Si11 0     0  -1   0    , 145.0, 0.0, 0.0, 0.01 )
      Angle_Restrain( Si7 0      0   0   0    O19 0      Si14 2     0   1  -1    , 145.0, 0.0, 0.0, 0.01 )
      Angle_Restrain( Si9 0      0   0   0    O20 0      Si8 0      0   0   0    , 145.0, 0.0, 0.0, 0.01 )
      Angle_Restrain( Si8 0      0   0   0    O21 0      Si12 0     0   0   0    , 145.0, 0.0, 0.0, 0.01 )
      Angle_Restrain( Si16 1     0   0   1    O22 0      Si8 0      0   0   0    , 145.0, 0.0, 0.0, 0.01 )
      Angle_Restrain( Si10 0     0   0   0    O23 0      Si9 0      0   0   0    , 145.0, 0.0, 0.0, 0.01 )
      Angle_Restrain( Si15 0     0   0   0    O24 0      Si9 0      0  -1   0    , 145.0, 0.0, 0.0, 0.01 )
      Angle_Restrain( Si11 0     0   0   0    O25 0      Si9 0      0   0   0    , 145.0, 0.0, 0.0, 0.01 )
      Angle_Restrain( Si12 0     0   0   0    O26 0      Si15 0     0   0   0    , 145.0, 0.0, 0.0, 0.01 )
      Angle_Restrain( Si14 0     0   0   0    O27 0      Si12 0     0   0   0    , 145.0, 0.0, 0.0, 0.01 )
      Angle_Restrain( Si13 0     0   0   0    O28 0      Si12 0     0   0   0    , 145.0, 0.0, 0.0, 0.01 )
      Angle_Restrain( Si4 1      1   0   1    O29 0      Si15 1     1   0   1    , 145.0, 0.0, 0.0, 0.01 )
      Angle_Restrain( Si16 0     0   0   0    O30 0      Si8 0      0   0   0    , 145.0, 0.0, 0.0, 0.01 )
      Angle_Restrain( Si17 0     0   0   0    O31 0      Si7 0      0   0   0    , 145.0, 0.0, 0.0, 0.01 )
      Angle_Restrain( Si17 1     1   0   1    O33 0      Si20 0     0   0   0    , 145.0, 0.0, 0.0, 0.01 )
      Angle_Restrain( Si18 0     0   0   0    O34 0      Si17 0     0  -1   0    , 145.0, 0.0, 0.0, 0.01 )
      Angle_Restrain( Si18 0     0   0   0    O35 0      Si3 0      0   0   0    , 145.0, 0.0, 0.0, 0.01 )
      Angle_Restrain( Si18 0     0   0   0    O36 0      Si19 1     1   0   1    , 145.0, 0.0, 0.0, 0.01 )
      Angle_Restrain( Si18 0     0   0   0    O37 0      H1a 3      1   1   1    , 145.0, 0.0, 0.0, 0.01 )
      Angle_Restrain( Si19 0     0   0   0    O38 0      Si14 0     0   0   0    , 145.0, 0.0, 0.0, 0.01 )
      Angle_Restrain( Si19 3     1   1   1    O39 0      Si19 0     0   0  -1    , 145.0, 0.0, 0.0, 0.01 )
      Angle_Restrain( Si19 2     0   1  -1    O40 0      Si20 1     1   0   1    , 145.0, 0.0, 0.0, 0.01 )
      Angle_Restrain( Si20 0     0   0   0    O41 0      Si11 0     0   0   0    , 145.0, 0.0, 0.0, 0.01 )
      Angle_Restrain( Si20 3     1   1   1    O42 0      Si20 0     0  -1  -1    , 145.0, 0.0, 0.0, 0.01 )
